<?xml version="1.0" encoding="utf-8"?><testsuites><testsuite name="pytest" errors="0" failures="0" skipped="0" tests="15" time="0.149" timestamp="2025-10-06T07:50:05.944896-05:00" hostname="DESKTOP-A3RPEKP"><testcase classname="tests.test_carrito" name="test_agregar_producto_nuevo" time="0.042" /><testcase classname="tests.test_carrito" name="test_agregar_producto_existente_incrementa_cantidad" time="0.001" /><testcase classname="tests.test_carrito" name="test_remover_producto" time="0.000" /><testcase classname="tests.test_carrito" name="test_remover_producto_completo" time="0.000" /><testcase classname="tests.test_carrito" name="test_actualizar_cantidad_producto" time="0.000" /><testcase classname="tests.test_carrito" name="test_actualizar_cantidad_a_cero_remueve_producto" time="0.000" /><testcase classname="tests.test_carrito" name="test_calcular_total" time="0.000" /><testcase classname="tests.test_carrito" name="test_aplicar_descuento" time="0.000" /><testcase classname="tests.test_carrito" name="test_aplicar_descuento_limites" time="0.001" /><testcase classname="tests.test_shopping_cart" name="test_add_item" time="0.000" /><testcase classname="tests.test_shopping_cart" name="test_remove_item" time="0.001" /><testcase classname="tests.test_shopping_cart" name="test_calculate_total" time="0.001" /><testcase classname="tests.test_shopping_cart" name="test_apply_discount" time="0.000" /><testcase classname="tests.test_shopping_cart" name="test_process_payment" time="0.001" /><testcase classname="tests.test_shopping_cart" name="test_process_payment_failure" time="0.001" /></testsuite></testsuites>